<?xml version="1.0" encoding="UTF-8"?>
<!-- Generated by org.testng.reporters.JUnitXMLReporter -->
<testsuite ignored="0" hostname="DESKTOP-LKIH26P" failures="0" tests="2" name="Selenium4_cucumber" time="52.457" errors="0" timestamp="2025-06-17T18:51:37 IST">
  <testcase classname="io.cucumber.testng.AbstractTestNGCucumberTests" name="runScenario" time="36.08"/>
  <testcase classname="io.cucumber.testng.AbstractTestNGCucumberTests" name="runScenario" time="15.122"/>
</testsuite> <!-- Selenium4_cucumber -->
