<?xml version="1.0" encoding="UTF-8"?>
<testng-results ignored="0" total="2" passed="2" failed="0" skipped="0">
  <reporter-output>
  </reporter-output>
  <suite started-at="2025-06-17T18:50:44 IST" name="Default Suite" finished-at="2025-06-17T18:51:37 IST" duration-ms="52457">
    <groups>
      <group name="cucumber">
        <method signature="AbstractTestNGCucumberTests.runScenario(io.cucumber.testng.PickleWrapper,io.cucumber.testng.FeatureWrapper)[pri:0, instance:runner.TestRun@5bf0d49]" name="runScenario" class="io.cucumber.testng.AbstractTestNGCucumberTests"/>
      </group> <!-- cucumber -->
    </groups>
    <test started-at="2025-06-17T18:50:44 IST" name="Selenium4_cucumber" finished-at="2025-06-17T18:51:37 IST" duration-ms="52457">
      <class name="runner.TestRun">
        <test-method is-config="true" signature="setUpClass(org.testng.ITestContext)[pri:0, instance:runner.TestRun@5bf0d49]" started-at="2025-06-17T18:50:44 IST" name="setUpClass" finished-at="2025-06-17T18:50:46 IST" duration-ms="1103" status="PASS">
          <params>
            <param index="0">
              <value>
                <![CDATA[org.testng.TestRunner@1e9afe4e]]>
              </value>
            </param>
          </params>
          <reporter-output>
          </reporter-output>
        </test-method> <!-- setUpClass -->
        <test-method signature="runScenario(io.cucumber.testng.PickleWrapper,io.cucumber.testng.FeatureWrapper)[pri:0, instance:runner.TestRun@5bf0d49]" started-at="2025-06-17T18:50:46 IST" name="runScenario" description="Runs Cucumber Scenarios" data-provider="scenarios" finished-at="2025-06-17T18:51:22 IST" duration-ms="36080" status="PASS">
          <params>
            <param index="0">
              <value>
                <![CDATA["Verify Account created page afters a new user account is created successfully."]]>
              </value>
            </param>
            <param index="1">
              <value>
                <![CDATA["Account created page Validation"]]>
              </value>
            </param>
          </params>
          <reporter-output>
          </reporter-output>
        </test-method> <!-- runScenario -->
        <test-method signature="runScenario(io.cucumber.testng.PickleWrapper,io.cucumber.testng.FeatureWrapper)[pri:0, instance:runner.TestRun@5bf0d49]" started-at="2025-06-17T18:51:22 IST" name="runScenario" description="Runs Cucumber Scenarios" data-provider="scenarios" finished-at="2025-06-17T18:51:37 IST" duration-ms="15122" status="PASS">
          <params>
            <param index="0">
              <value>
                <![CDATA["verify Enter Account Information page appears after valid username and email-Id entered for new user sign up"]]>
              </value>
            </param>
            <param index="1">
              <value>
                <![CDATA["New user Creation"]]>
              </value>
            </param>
          </params>
          <reporter-output>
          </reporter-output>
        </test-method> <!-- runScenario -->
        <test-method is-config="true" signature="tearDownClass()[pri:0, instance:runner.TestRun@5bf0d49]" started-at="2025-06-17T18:51:37 IST" name="tearDownClass" finished-at="2025-06-17T18:51:37 IST" duration-ms="87" status="PASS">
          <reporter-output>
          </reporter-output>
        </test-method> <!-- tearDownClass -->
      </class> <!-- runner.TestRun -->
    </test> <!-- Selenium4_cucumber -->
  </suite> <!-- Default Suite -->
</testng-results>
